TN:
SF:src\App.jsx
FN:7,App
FNF:1
FNH:0
FNDA:0,App
DA:8,0
LF:1
LH:0
BRF:0
BRH:0
end_of_record
TN:
SF:src\main.jsx
FNF:0
FNH:0
DA:6,0
LF:1
LH:0
BRF:0
BRH:0
end_of_record
TN:
SF:src\Component\Dashboard\Dashboard.jsx
FN:6,(anonymous_0)
FN:7,(anonymous_1)
FN:14,(anonymous_2)
FN:26,(anonymous_3)
FN:30,(anonymous_4)
FN:44,(anonymous_5)
FN:48,(anonymous_6)
FN:52,(anonymous_7)
FN:61,(anonymous_8)
FN:62,(anonymous_9)
FN:72,(anonymous_10)
FN:76,(anonymous_11)
FN:80,(anonymous_12)
FN:82,(anonymous_13)
FN:144,(anonymous_14)
FN:155,(anonymous_15)
FN:164,(anonymous_16)
FN:179,(anonymous_17)
FN:186,(anonymous_18)
FN:215,(anonymous_19)
FNF:20
FNH:18
FNDA:1,(anonymous_0)
FNDA:9,(anonymous_1)
FNDA:9,(anonymous_2)
FNDA:9,(anonymous_3)
FNDA:9,(anonymous_4)
FNDA:1,(anonymous_5)
FNDA:2,(anonymous_6)
FNDA:2,(anonymous_7)
FNDA:1,(anonymous_8)
FNDA:1,(anonymous_9)
FNDA:1,(anonymous_10)
FNDA:1,(anonymous_11)
FNDA:29,(anonymous_12)
FNDA:10,(anonymous_13)
FNDA:9,(anonymous_14)
FNDA:0,(anonymous_15)
FNDA:9,(anonymous_16)
FNDA:1,(anonymous_17)
FNDA:2,(anonymous_18)
FNDA:0,(anonymous_19)
DA:6,1
DA:7,1
DA:8,9
DA:9,9
DA:15,9
DA:16,9
DA:27,9
DA:30,9
DA:31,9
DA:32,9
DA:33,9
DA:34,7
DA:35,0
DA:37,7
DA:38,7
DA:40,1
DA:44,9
DA:45,1
DA:48,9
DA:49,2
DA:52,9
DA:53,2
DA:54,2
DA:55,2
DA:58,1
DA:59,0
DA:61,1
DA:62,1
DA:65,1
DA:68,1
DA:72,9
DA:73,1
DA:76,9
DA:77,1
DA:81,29
DA:82,29
DA:83,10
DA:86,29
DA:145,9
DA:155,0
DA:165,9
DA:179,1
DA:186,2
DA:215,0
LF:44
LH:40
BRDA:34,0,0,0
BRDA:34,0,1,7
BRDA:58,1,0,0
BRDA:58,1,1,1
BRDA:131,2,0,9
BRDA:131,2,1,20
BRDA:137,3,0,1
BRDA:137,3,1,19
BRDA:143,4,0,8
BRDA:143,4,1,11
BRDA:147,5,0,8
BRDA:147,5,1,1
BRDA:208,6,0,29
BRDA:208,6,1,2
BRF:14
BRH:12
end_of_record
TN:
SF:src\Component\Header\Header.jsx
FN:6,(anonymous_0)
FN:11,(anonymous_1)
FN:15,(anonymous_2)
FNF:3
FNH:3
FNDA:34,(anonymous_0)
FNDA:2,(anonymous_1)
FNDA:1,(anonymous_2)
DA:6,2
DA:7,34
DA:8,34
DA:9,34
DA:11,34
DA:12,2
DA:15,34
DA:16,1
DA:17,1
DA:18,1
DA:21,34
LF:11
LH:11
BRDA:33,0,0,34
BRDA:33,0,1,4
BRDA:49,1,0,4
BRDA:49,1,1,2
BRF:4
BRH:4
end_of_record
TN:
SF:src\Component\Login\Login.jsx
FN:8,(anonymous_0)
FN:11,(anonymous_1)
FN:30,(anonymous_2)
FNF:3
FNH:2
FNDA:3,(anonymous_0)
FNDA:1,(anonymous_1)
FNDA:0,(anonymous_2)
DA:6,1
DA:8,1
DA:9,3
DA:11,3
DA:12,1
DA:13,1
DA:14,1
DA:16,1
DA:18,1
DA:21,3
DA:30,0
LF:11
LH:10
BRDA:14,0,0,1
BRDA:14,0,1,0
BRDA:14,0,2,0
BRF:3
BRH:1
end_of_record
TN:
SF:src\Component\Register\Registration.jsx
FN:11,(anonymous_0)
FN:12,(anonymous_1)
FN:20,(anonymous_2)
FN:38,(anonymous_3)
FN:57,(anonymous_4)
FN:77,(anonymous_5)
FN:93,(anonymous_6)
FN:96,(anonymous_7)
FN:99,(anonymous_8)
FN:106,(anonymous_9)
FN:111,(anonymous_10)
FN:165,(anonymous_11)
FN:195,(anonymous_12)
FN:217,(anonymous_13)
FN:249,(anonymous_14)
FN:268,(anonymous_15)
FN:286,(anonymous_16)
FN:301,(anonymous_17)
FN:329,(anonymous_18)
FN:339,(anonymous_19)
FN:363,(anonymous_20)
FNF:21
FNH:19
FNDA:1,(anonymous_0)
FNDA:5,(anonymous_1)
FNDA:5,(anonymous_2)
FNDA:5,(anonymous_3)
FNDA:1,(anonymous_4)
FNDA:2,(anonymous_5)
FNDA:15,(anonymous_6)
FNDA:2,(anonymous_7)
FNDA:0,(anonymous_8)
FNDA:48,(anonymous_9)
FNDA:24,(anonymous_10)
FNDA:96,(anonymous_11)
FNDA:48,(anonymous_12)
FNDA:120,(anonymous_13)
FNDA:72,(anonymous_14)
FNDA:744,(anonymous_15)
FNDA:288,(anonymous_16)
FNDA:120,(anonymous_17)
FNDA:1,(anonymous_18)
FNDA:1,(anonymous_19)
FNDA:0,(anonymous_20)
DA:11,1
DA:12,1
DA:13,5
DA:14,5
DA:15,5
DA:21,5
DA:22,5
DA:39,5
DA:40,5
DA:41,1
DA:42,1
DA:57,5
DA:58,1
DA:59,1
DA:61,1
DA:62,1
DA:64,1
DA:65,1
DA:66,0
DA:68,1
DA:70,1
DA:71,1
DA:73,0
DA:77,5
DA:78,2
DA:93,5
DA:94,15
DA:95,15
DA:96,2
DA:99,0
DA:102,13
DA:106,5
DA:107,48
DA:108,6
DA:112,24
DA:114,24
DA:166,96
DA:196,48
DA:218,120
DA:250,72
DA:269,744
DA:287,288
DA:302,120
DA:329,1
DA:339,1
DA:363,0
DA:384,1
LF:47
LH:43
BRDA:40,0,0,1
BRDA:40,0,1,4
BRDA:40,1,0,5
BRDA:40,1,1,1
BRDA:52,2,0,1
BRDA:52,2,1,0
BRDA:65,3,0,0
BRDA:65,3,1,1
BRDA:95,4,0,2
BRDA:95,4,1,13
BRDA:97,5,0,2
BRDA:97,5,1,0
BRDA:107,6,0,42
BRDA:107,6,1,6
BRDA:125,7,0,1
BRDA:125,7,1,23
BRDA:319,8,0,0
BRDA:319,8,1,24
BRDA:341,9,0,1
BRDA:341,9,1,23
BRDA:356,10,0,24
BRDA:356,10,1,2
BRF:22
BRH:18
end_of_record
