TN:
SF:src\App.jsx
FN:8,App
FNF:1
FNH:0
FNDA:0,App
DA:9,0
LF:1
LH:0
BRF:0
BRH:0
end_of_record
TN:
SF:src\main.jsx
FNF:0
FNH:0
DA:6,0
LF:1
LH:0
BRF:0
BRH:0
end_of_record
TN:
SF:src\Component\Dashboard\Dashboard.jsx
FN:7,(anonymous_0)
FN:8,(anonymous_1)
FN:15,(anonymous_2)
FN:27,(anonymous_3)
FN:31,(anonymous_4)
FN:45,(anonymous_5)
FN:49,(anonymous_6)
FN:53,(anonymous_7)
FN:62,(anonymous_8)
FN:63,(anonymous_9)
FN:72,(anonymous_10)
FN:76,(anonymous_11)
FN:80,(anonymous_12)
FN:82,(anonymous_13)
FN:105,(anonymous_14)
FN:116,(anonymous_15)
FN:123,(anonymous_16)
FN:139,(anonymous_17)
FN:147,(anonymous_18)
FN:166,(anonymous_19)
FN:228,(anonymous_20)
FNF:21
FNH:19
FNDA:1,(anonymous_0)
FNDA:9,(anonymous_1)
FNDA:9,(anonymous_2)
FNDA:9,(anonymous_3)
FNDA:9,(anonymous_4)
FNDA:1,(anonymous_5)
FNDA:2,(anonymous_6)
FNDA:2,(anonymous_7)
FNDA:1,(anonymous_8)
FNDA:1,(anonymous_9)
FNDA:1,(anonymous_10)
FNDA:1,(anonymous_11)
FNDA:29,(anonymous_12)
FNDA:10,(anonymous_13)
FNDA:9,(anonymous_14)
FNDA:0,(anonymous_15)
FNDA:9,(anonymous_16)
FNDA:1,(anonymous_17)
FNDA:2,(anonymous_18)
FNDA:29,(anonymous_19)
FNDA:0,(anonymous_20)
DA:7,1
DA:8,1
DA:9,9
DA:10,9
DA:16,9
DA:17,9
DA:28,9
DA:31,9
DA:32,9
DA:33,9
DA:34,9
DA:35,7
DA:36,0
DA:38,7
DA:39,7
DA:41,1
DA:45,9
DA:46,1
DA:49,9
DA:50,2
DA:53,9
DA:54,2
DA:55,2
DA:56,2
DA:59,1
DA:60,0
DA:62,1
DA:63,1
DA:68,1
DA:72,9
DA:73,1
DA:76,9
DA:77,1
DA:81,29
DA:82,29
DA:83,10
DA:86,29
DA:87,9
DA:95,20
DA:96,1
DA:104,19
DA:105,8
DA:106,9
DA:116,0
DA:124,9
DA:139,1
DA:147,2
DA:157,11
DA:167,29
DA:169,29
DA:229,0
DA:251,1
LF:52
LH:48
BRDA:35,0,0,0
BRDA:35,0,1,7
BRDA:59,1,0,0
BRDA:59,1,1,1
BRDA:86,2,0,9
BRDA:86,2,1,20
BRDA:95,3,0,1
BRDA:95,3,1,19
BRDA:104,4,0,8
BRDA:104,4,1,11
BRDA:108,5,0,8
BRDA:108,5,1,1
BRDA:219,6,0,29
BRDA:219,6,1,2
BRF:14
BRH:12
end_of_record
TN:
SF:src\Component\Header\Header.jsx
FN:6,(anonymous_0)
FN:11,(anonymous_1)
FN:15,(anonymous_2)
FNF:3
FNH:3
FNDA:34,(anonymous_0)
FNDA:2,(anonymous_1)
FNDA:1,(anonymous_2)
DA:6,2
DA:7,34
DA:8,34
DA:9,34
DA:11,34
DA:12,2
DA:15,34
DA:16,1
DA:17,1
DA:18,1
DA:21,34
LF:11
LH:11
BRDA:33,0,0,34
BRDA:33,0,1,4
BRDA:49,1,0,4
BRDA:49,1,1,2
BRF:4
BRH:4
end_of_record
TN:
SF:src\Component\Login\Callback.jsx
FN:4,(anonymous_0)
FN:7,(anonymous_1)
FN:20,(anonymous_2)
FN:21,(anonymous_3)
FN:32,(anonymous_4)
FN:33,(anonymous_5)
FN:37,(anonymous_6)
FNF:7
FNH:7
FNDA:5,(anonymous_0)
FNDA:5,(anonymous_1)
FNDA:3,(anonymous_2)
FNDA:3,(anonymous_3)
FNDA:2,(anonymous_4)
FNDA:2,(anonymous_5)
FNDA:2,(anonymous_6)
DA:4,1
DA:5,5
DA:7,5
DA:8,5
DA:9,5
DA:11,5
DA:13,4
DA:20,3
DA:22,3
DA:24,2
DA:30,1
DA:32,2
DA:34,2
DA:35,2
DA:38,2
DA:39,2
DA:44,5
LF:17
LH:17
BRDA:11,0,0,4
BRDA:11,0,1,1
BRDA:22,1,0,2
BRDA:22,1,1,1
BRDA:34,2,0,2
BRDA:34,2,1,1
BRDA:34,2,2,0
BRF:7
BRH:6
end_of_record
TN:
SF:src\Component\Login\GitHubLogin.jsx
FN:4,(anonymous_0)
FN:8,(anonymous_1)
FNF:2
FNH:2
FNDA:5,(anonymous_0)
FNDA:1,(anonymous_1)
DA:4,2
DA:5,5
DA:6,5
DA:8,5
DA:9,1
DA:10,1
DA:13,5
LF:7
LH:7
BRF:0
BRH:0
end_of_record
TN:
SF:src\Component\Login\Login.jsx
FN:9,(anonymous_0)
FN:12,(anonymous_1)
FN:31,(anonymous_2)
FNF:3
FNH:2
FNDA:3,(anonymous_0)
FNDA:1,(anonymous_1)
FNDA:0,(anonymous_2)
DA:7,1
DA:9,1
DA:10,3
DA:12,3
DA:13,1
DA:14,1
DA:15,1
DA:17,1
DA:18,1
DA:22,3
DA:31,0
LF:11
LH:10
BRDA:15,0,0,1
BRDA:15,0,1,0
BRDA:15,0,2,0
BRF:3
BRH:1
end_of_record
TN:
SF:src\Component\Register\Registration.jsx
FN:11,(anonymous_0)
FN:12,(anonymous_1)
FN:20,(anonymous_2)
FN:38,(anonymous_3)
FN:57,(anonymous_4)
FN:77,(anonymous_5)
FN:93,(anonymous_6)
FN:96,(anonymous_7)
FN:99,(anonymous_8)
FN:106,(anonymous_9)
FN:111,(anonymous_10)
FN:165,(anonymous_11)
FN:195,(anonymous_12)
FN:217,(anonymous_13)
FN:249,(anonymous_14)
FN:268,(anonymous_15)
FN:286,(anonymous_16)
FN:301,(anonymous_17)
FN:329,(anonymous_18)
FN:339,(anonymous_19)
FN:363,(anonymous_20)
FNF:21
FNH:19
FNDA:1,(anonymous_0)
FNDA:5,(anonymous_1)
FNDA:5,(anonymous_2)
FNDA:5,(anonymous_3)
FNDA:1,(anonymous_4)
FNDA:2,(anonymous_5)
FNDA:15,(anonymous_6)
FNDA:2,(anonymous_7)
FNDA:0,(anonymous_8)
FNDA:48,(anonymous_9)
FNDA:24,(anonymous_10)
FNDA:96,(anonymous_11)
FNDA:48,(anonymous_12)
FNDA:120,(anonymous_13)
FNDA:72,(anonymous_14)
FNDA:744,(anonymous_15)
FNDA:288,(anonymous_16)
FNDA:120,(anonymous_17)
FNDA:1,(anonymous_18)
FNDA:1,(anonymous_19)
FNDA:0,(anonymous_20)
DA:11,1
DA:12,1
DA:13,5
DA:14,5
DA:15,5
DA:21,5
DA:22,5
DA:39,5
DA:40,5
DA:41,1
DA:42,1
DA:57,5
DA:58,1
DA:59,1
DA:61,1
DA:62,1
DA:64,1
DA:65,1
DA:66,0
DA:68,1
DA:70,1
DA:71,1
DA:73,0
DA:77,5
DA:78,2
DA:93,5
DA:94,15
DA:95,15
DA:96,2
DA:99,0
DA:102,13
DA:106,5
DA:107,48
DA:108,6
DA:112,24
DA:114,24
DA:166,96
DA:196,48
DA:218,120
DA:250,72
DA:269,744
DA:287,288
DA:302,120
DA:329,1
DA:339,1
DA:363,0
DA:384,1
LF:47
LH:43
BRDA:40,0,0,1
BRDA:40,0,1,4
BRDA:40,1,0,5
BRDA:40,1,1,1
BRDA:52,2,0,1
BRDA:52,2,1,0
BRDA:65,3,0,0
BRDA:65,3,1,1
BRDA:95,4,0,2
BRDA:95,4,1,13
BRDA:97,5,0,2
BRDA:97,5,1,0
BRDA:107,6,0,42
BRDA:107,6,1,6
BRDA:125,7,0,1
BRDA:125,7,1,23
BRDA:319,8,0,0
BRDA:319,8,1,24
BRDA:341,9,0,1
BRDA:341,9,1,23
BRDA:356,10,0,24
BRDA:356,10,1,2
BRF:22
BRH:18
end_of_record
TN:
SF:src\utils\server.js
FN:13,(anonymous_0)
FN:33,(anonymous_1)
FNF:2
FNH:0
FNDA:0,(anonymous_0)
FNDA:0,(anonymous_1)
DA:5,0
DA:7,0
DA:8,0
DA:10,0
DA:11,0
DA:13,0
DA:14,0
DA:16,0
DA:17,0
DA:27,0
DA:29,0
DA:33,0
DA:34,0
LF:13
LH:0
BRF:0
BRH:0
end_of_record
